Using pre-set license
Built from '2020.3/staging' branch; Version is '2020.3.19f1 (68f137dc9bbe) revision 6877495'; Using compiler version '192528614'; Build Type 'Release'
OS: 'Windows 10 Home; OS build 19042.1288; Version 2009; 64bit' Language: 'en' Physical Memory: 6021 MB
BatchMode: 1, IsHumanControllingUs: 0, StartBugReporterOnCrash: 0, Is64bit: 1, IsPro: 0

COMMAND LINE ARGUMENTS:
C:\Program Files\Unity\Hub\Editor\2020.3.19f1\Editor\Unity.exe
-adb2
-batchMode
-noUpm
-name
AssetImportWorker0
-projectPath
E:/Year4/gamesEng/GE1Assign/GE1Project
-logFile
Logs/AssetImportWorker0.log
-srvPort
52385
Successfully changed project path to: E:/Year4/gamesEng/GE1Assign/GE1Project
E:/Year4/gamesEng/GE1Assign/GE1Project
Using Asset Import Pipeline V2.
Refreshing native plugins compatible for Editor in 131.67 ms, found 2 plugins.
Preloading 0 native plugins for Editor in 0.00 ms.
Initialize engine version: 2020.3.19f1 (68f137dc9bbe)
[Subsystems] Discovering subsystems at path C:/Program Files/Unity/Hub/Editor/2020.3.19f1/Editor/Data/Resources/UnitySubsystems
[Subsystems] Discovering subsystems at path E:/Year4/gamesEng/GE1Assign/GE1Project/Assets
GfxDevice: creating device client; threaded=0
Direct3D:
    Version:  Direct3D 11.0 [level 11.1]
    Renderer: Intel(R) UHD Graphics 620 (ID=0x5917)
    Vendor:   
    VRAM:     3010 MB
    Driver:   22.20.16.4785
Initialize mono
Mono path[0] = 'C:/Program Files/Unity/Hub/Editor/2020.3.19f1/Editor/Data/Managed'
Mono path[1] = 'C:/Program Files/Unity/Hub/Editor/2020.3.19f1/Editor/Data/MonoBleedingEdge/lib/mono/unityjit'
Mono config path = 'C:/Program Files/Unity/Hub/Editor/2020.3.19f1/Editor/Data/MonoBleedingEdge/etc'
Using monoOptions --debugger-agent=transport=dt_socket,embedding=1,server=y,suspend=n,address=127.0.0.1:56112
Begin MonoManager ReloadAssembly
Registering precompiled unity dll's ...
Register platform support module: C:/Program Files/Unity/Hub/Editor/2020.3.19f1/Editor/Data/PlaybackEngines/WindowsStandaloneSupport/UnityEditor.WindowsStandalone.Extensions.dll
Registered in 0.127625 seconds.
Native extension for WindowsStandalone target not found
Refreshing native plugins compatible for Editor in 34.09 ms, found 2 plugins.
Preloading 0 native plugins for Editor in 0.00 ms.
Mono: successfully reloaded assembly
- Completed reload, in  5.988 seconds
Domain Reload Profiling:
	ReloadAssembly (5988ms)
		BeginReloadAssembly (2629ms)
			ExecutionOrderSort (0ms)
			DisableScriptedObjects (0ms)
			BackupInstance (0ms)
			ReleaseScriptingObjects (0ms)
			CreateAndSetChildDomain (6ms)
		EndReloadAssembly (787ms)
			LoadAssemblies (2617ms)
			RebuildTransferFunctionScriptingTraits (5ms)
			SetupTypeCache (455ms)
			ReleaseScriptCaches (0ms)
			RebuildScriptCaches (36ms)
			SetupLoadedEditorAssemblies (204ms)
				LogAssemblyErrors (0ms)
				InitializePlatformSupportModulesInManaged (5ms)
				SetLoadedEditorAssemblies (1ms)
				RefreshPlugins (34ms)
				BeforeProcessingInitializeOnLoad (12ms)
				ProcessInitializeOnLoadAttributes (109ms)
				ProcessInitializeOnLoadMethodAttributes (43ms)
				AfterProcessingInitializeOnLoad (0ms)
				EditorAssembliesLoaded (1ms)
			ExecutionOrderSort2 (0ms)
			AwakeInstancesAfterBackupRestoration (0ms)
Platform modules already initialized, skipping
Registering precompiled user dll's ...
Registered in 0.537937 seconds.
Begin MonoManager ReloadAssembly
Native extension for WindowsStandalone target not found
Refreshing native plugins compatible for Editor in 0.31 ms, found 2 plugins.
Preloading 0 native plugins for Editor in 0.00 ms.
Mono: successfully reloaded assembly
- Completed reload, in  2.918 seconds
Domain Reload Profiling:
	ReloadAssembly (2923ms)
		BeginReloadAssembly (160ms)
			ExecutionOrderSort (0ms)
			DisableScriptedObjects (5ms)
			BackupInstance (0ms)
			ReleaseScriptingObjects (0ms)
			CreateAndSetChildDomain (22ms)
		EndReloadAssembly (2694ms)
			LoadAssemblies (1218ms)
			RebuildTransferFunctionScriptingTraits (0ms)
			SetupTypeCache (846ms)
			ReleaseScriptCaches (0ms)
			RebuildScriptCaches (45ms)
			SetupLoadedEditorAssemblies (478ms)
				LogAssemblyErrors (0ms)
				InitializePlatformSupportModulesInManaged (5ms)
				SetLoadedEditorAssemblies (0ms)
				RefreshPlugins (0ms)
				BeforeProcessingInitializeOnLoad (55ms)
				ProcessInitializeOnLoadAttributes (405ms)
				ProcessInitializeOnLoadMethodAttributes (5ms)
				AfterProcessingInitializeOnLoad (7ms)
				EditorAssembliesLoaded (0ms)
			ExecutionOrderSort2 (0ms)
			AwakeInstancesAfterBackupRestoration (7ms)
Platform modules already initialized, skipping
========================================================================
Worker process is ready to serve import requests
Launched and connected shader compiler UnityShaderCompiler.exe after 0.15 seconds
Refreshing native plugins compatible for Editor in 0.51 ms, found 2 plugins.
Preloading 0 native plugins for Editor in 0.00 ms.
Unloading 1397 Unused Serialized files (Serialized files now loaded: 0)
System memory in use before: 64.8 MB.
System memory in use after: 64.9 MB.

Unloading 16 unused Assets to reduce memory usage. Loaded Objects now: 1832.
Total: 9.965800 ms (FindLiveObjects: 0.167400 ms CreateObjectMapping: 0.046900 ms MarkObjects: 9.641300 ms  DeleteObjects: 0.107800 ms)

AssetImportParameters requested are different than current active one (requested -> active):
  custom:framework-win-MediaFoundation: 216162199b28c13a410421893ffa2e32 -> 
  custom:video-decoder-ogg-theora: a1e56fd34408186e4bbccfd4996cb3dc -> 
  custom:container-muxer-webm: aa71ff27fc2769a1b78a27578f13a17b -> 
  custom:container-demuxer-webm: 4f35f7cbe854078d1ac9338744f61a02 -> 
  custom:container-demuxer-ogg: 62fdf1f143b41e24485cea50d1cbac27 -> 
  custom:video-encoder-webm-vp8: eb34c28f22e8b96e1ab97ce403110664 -> 
  custom:video-decoder-webm-vp8: 9c59270c3fd7afecdb556c50c9e8de78 -> 
  custom:audio-decoder-ogg-vorbis: bf7c407c2cedff20999df2af8eb42d56 -> 
  custom:audio-encoder-webm-vorbis: bf7c407c2cedff20999df2af8eb42d56 -> 
========================================================================
Received Import Request.
  path: Assets/Scenes
  artifactKey: Guid(02e69dcc766f3744d8abbf423b05d1af) Importer(815301076,1909f56bfc062723c751e8b465ee728b)
Start importing Assets/Scenes using Guid(02e69dcc766f3744d8abbf423b05d1af) Importer(815301076,1909f56bfc062723c751e8b465ee728b)  -> (artifact id: '71c494bcfa09500b8ce238176680709a') in 0.012391 seconds 
  Import took 0.017083 seconds .

========================================================================
Received Import Request.
  Time since last request: 37.201966 seconds.
  path: Assets
  artifactKey: Guid(00000000000000001000000000000000) Importer(815301076,1909f56bfc062723c751e8b465ee728b)
Start importing Assets using Guid(00000000000000001000000000000000) Importer(815301076,1909f56bfc062723c751e8b465ee728b)  -> (artifact id: '42d402b061de3733987d63b9cc3b64de') in 0.011291 seconds 
  Import took 0.015025 seconds .

========================================================================
Received Import Request.
  Time since last request: 6.819758 seconds.
  path: Assets/Track
  artifactKey: Guid(de4f7b8564bf8954f9e87e4f7367f6ea) Importer(815301076,1909f56bfc062723c751e8b465ee728b)
Start importing Assets/Track using Guid(de4f7b8564bf8954f9e87e4f7367f6ea) Importer(815301076,1909f56bfc062723c751e8b465ee728b)  -> (artifact id: '2150f6ddec89a1cc702953b60dad0b7b') in 0.016304 seconds 
  Import took 0.021668 seconds .

========================================================================
Received Import Request.
  Time since last request: 60.945605 seconds.
  path: Assets/Track/TrackStraight.prefab
  artifactKey: Guid(8579f0433736ac9438c389b90c14f89e) Importer(815301076,1909f56bfc062723c751e8b465ee728b)
Start importing Assets/Track/TrackStraight.prefab using Guid(8579f0433736ac9438c389b90c14f89e) Importer(815301076,1909f56bfc062723c751e8b465ee728b)  -> (artifact id: '498ffe5cfca64704583737067d118436') in 0.065551 seconds 
  Import took 0.070206 seconds .

========================================================================
Received Import Request.
  Time since last request: 239.045482 seconds.
  path: Assets/Track/TrackStraight.prefab
  artifactKey: Guid(8579f0433736ac9438c389b90c14f89e) Importer(815301076,1909f56bfc062723c751e8b465ee728b)
Start importing Assets/Track/TrackStraight.prefab using Guid(8579f0433736ac9438c389b90c14f89e) Importer(815301076,1909f56bfc062723c751e8b465ee728b)  -> (artifact id: 'f2b16a4c94850aaa0bb8e20f87caaacf') in 0.098530 seconds 
  Import took 0.102148 seconds .

========================================================================
Received Import Request.
  Time since last request: 34.507528 seconds.
  path: Assets/Track/TrackStraight.prefab
  artifactKey: Guid(8579f0433736ac9438c389b90c14f89e) Importer(815301076,1909f56bfc062723c751e8b465ee728b)
Start importing Assets/Track/TrackStraight.prefab using Guid(8579f0433736ac9438c389b90c14f89e) Importer(815301076,1909f56bfc062723c751e8b465ee728b)  -> (artifact id: '1679e9f80982663c81c4ce0206a49125') in 0.014974 seconds 
  Import took 0.021149 seconds .

AssetImportWorkerClient::OnTransportError - code=2 error=End of file
